#
# There is insufficient memory for the Java Runtime Environment to continue.
# Native memory allocation (mmap) failed to map 127926272 bytes for committing reserved memory.
# Possible reasons:
#   The system is out of physical RAM or swap space
#   The process is running with CompressedOops enabled, and the Java Heap may be blocking the growth of the native heap
# Possible solutions:
#   Reduce memory load on the system
#   Increase physical memory or swap space
#   Check if swap backing store is full
#   Decrease Java heap size (-Xmx/-Xms)
#   Decrease number of Java threads
#   Decrease Java thread stack sizes (-Xss)
#   Set larger code cache with -XX:ReservedCodeCacheSize=
#   JVM is running with Unscaled Compressed Oops mode in which the Java heap is
#     placed in the first 4GB address space. The Java Heap base address is the
#     maximum limit for the native heap growth. Please use -XX:HeapBaseMinAddress
#     to set the Java Heap base and to place the Java Heap above 4GB virtual address.
# This output file may be truncated or incomplete.
#
#  Out of Memory Error (os_linux.cpp:2749), pid=26895, tid=0x00007f664ae63700
#
# JRE version: Java(TM) SE Runtime Environment (8.0_221-b11) (build 1.8.0_221-b11)
# Java VM: Java HotSpot(TM) 64-Bit Server VM (25.221-b11 mixed mode linux-amd64 compressed oops)
# Failed to write core dump. Core dumps have been disabled. To enable core dumping, try "ulimit -c unlimited" before starting Java again
#

---------------  T H R E A D  ---------------

Current thread (0x00007f6668078800):  VMThread [stack: 0x00007f664ad64000,0x00007f664ae64000] [id=26918]

Stack: [0x00007f664ad64000,0x00007f664ae64000],  sp=0x00007f664ae623f0,  free space=1016k
Native frames: (J=compiled Java code, j=interpreted, Vv=VM code, C=native code)
V  [libjvm.so+0xad3455]  VMError::report_and_die()+0x2e5
V  [libjvm.so+0x4e0537]  report_vm_out_of_memory(char const*, int, unsigned long, VMErrorType, char const*)+0x67
V  [libjvm.so+0x910320]  os::pd_commit_memory(char*, unsigned long, unsigned long, bool)+0x100
V  [libjvm.so+0x90794f]  os::commit_memory(char*, unsigned long, unsigned long, bool)+0x1f
V  [libjvm.so+0x98c736]  PSVirtualSpace::expand_by(unsigned long)+0x56
V  [libjvm.so+0x98d9c8]  PSYoungGen::resize(unsigned long, unsigned long)+0xd8
V  [libjvm.so+0x98a166]  PSScavenge::invoke_no_policy()+0x1376
V  [libjvm.so+0x98a4fc]  PSScavenge::invoke()+0x4c
V  [libjvm.so+0x93a248]  ParallelScavengeHeap::failed_mem_allocate(unsigned long)+0x68
V  [libjvm.so+0xad4fa3]  VM_ParallelGCFailedAllocation::doit()+0x93
V  [libjvm.so+0xada1c6]  VM_Operation::evaluate()+0x46
V  [libjvm.so+0xad84fd]  VMThread::evaluate_operation(VM_Operation*) [clone .constprop.44]+0xcd
V  [libjvm.so+0xad8ae3]  VMThread::loop()+0x3a3
V  [libjvm.so+0xad8eb8]  VMThread::run()+0x78
V  [libjvm.so+0x90d952]  java_start(Thread*)+0x102

VM_Operation (0x00007f666d359070): ParallelGCFailedAllocation, mode: safepoint, requested by thread 0x00007f666800b000


---------------  P R O C E S S  ---------------

Java Threads: ( => current thread )
  0x00007f6669149800 JavaThread "Equinox resolver thread - Equinox Container: e4e77d5b-ee64-4c37-8066-386f3e0e7200" daemon [_thread_blocked, id=26943, stack(0x00007f6613eff000,0x00007f6614000000)]
  0x00007f6669147800 JavaThread "Equinox resolver thread - Equinox Container: e4e77d5b-ee64-4c37-8066-386f3e0e7200" daemon [_thread_blocked, id=26942, stack(0x00007f6648052000,0x00007f6648153000)]
  0x00007f6614001800 JavaThread "Equinox resolver thread - Equinox Container: e4e77d5b-ee64-4c37-8066-386f3e0e7200" daemon [_thread_blocked, id=26941, stack(0x00007f6648153000,0x00007f6648254000)]
  0x00007f6669145800 JavaThread "Equinox resolver thread - Equinox Container: e4e77d5b-ee64-4c37-8066-386f3e0e7200" daemon [_thread_blocked, id=26940, stack(0x00007f6648254000,0x00007f6648355000)]
  0x00007f66680d4000 JavaThread "Service Thread" daemon [_thread_blocked, id=26925, stack(0x00007f6649881000,0x00007f6649982000)]
  0x00007f66680bf000 JavaThread "C1 CompilerThread2" daemon [_thread_blocked, id=26924, stack(0x00007f6649983000,0x00007f6649a83000)]
  0x00007f66680bd000 JavaThread "C2 CompilerThread1" daemon [_thread_blocked, id=26923, stack(0x00007f6649a84000,0x00007f6649b84000)]
  0x00007f66680ba000 JavaThread "C2 CompilerThread0" daemon [_thread_in_native, id=26922, stack(0x00007f6649b85000,0x00007f6649c85000)]
  0x00007f66680b8800 JavaThread "Signal Dispatcher" daemon [_thread_blocked, id=26921, stack(0x00007f6649c85000,0x00007f6649d86000)]
  0x00007f6668086800 JavaThread "Finalizer" daemon [_thread_blocked, id=26920, stack(0x00007f664ab61000,0x00007f664ac62000)]
  0x00007f6668082000 JavaThread "Reference Handler" daemon [_thread_blocked, id=26919, stack(0x00007f664ac62000,0x00007f664ad63000)]
  0x00007f666800b000 JavaThread "main" [_thread_blocked, id=26913, stack(0x00007f666d25c000,0x00007f666d35c000)]

Other Threads:
=>0x00007f6668078800 VMThread [stack: 0x00007f664ad64000,0x00007f664ae64000] [id=26918]
  0x00007f66680df000 WatcherThread [stack: 0x00007f6649781000,0x00007f6649881000] [id=26926]

VM state:at safepoint (normal execution)

VM Mutex/Monitor currently owned by a thread:  ([mutex/lock_event])
[0x00007f6668008080] Threads_lock - owner thread: 0x00007f6668078800
[0x00007f6668008580] Heap_lock - owner thread: 0x00007f666800b000

heap address: 0x0000000080000000, size: 2048 MB, Compressed Oops mode: 32-bit
Narrow klass base: 0x0000000000000000, Narrow klass shift: 3
Compressed class space size: 1073741824 Address: 0x0000000100000000

Heap:
 PSYoungGen      total 272896K, used 22510K [0x00000000d5580000, 0x00000000e7880000, 0x0000000100000000)
  eden space 250368K, 0% used [0x00000000d5580000,0x00000000d5580000,0x00000000e4a00000)
  from space 22528K, 99% used [0x00000000e4c80000,0x00000000e627ba28,0x00000000e6280000)
  to   space 18944K, 0% used [0x00000000e6600000,0x00000000e6600000,0x00000000e7880000)
 ParOldGen       total 108544K, used 40772K [0x0000000080000000, 0x0000000086a00000, 0x00000000d5580000)
  object space 108544K, 37% used [0x0000000080000000,0x00000000827d1330,0x0000000086a00000)
 Metaspace       used 36635K, capacity 38264K, committed 38528K, reserved 1083392K
  class space    used 4308K, capacity 4631K, committed 4736K, reserved 1048576K

Card table byte_map: [0x00007f666c436000,0x00007f666c837000] byte_map_base: 0x00007f666c036000

Marking Bits: (ParMarkBitMap*) 0x00007f666e4b4d80
 Begin Bits: [0x00007f6650000000, 0x00007f6652000000)
 End Bits:   [0x00007f6652000000, 0x00007f6654000000)

Polling page: 0x00007f666e923000

CodeCache: size=245760Kb used=17389Kb max_used=17866Kb free=228371Kb
 bounds [0x00007f6659000000, 0x00007f665a1a0000, 0x00007f6668000000]
 total_blobs=5867 nmethods=5429 adapters=351
 compilation: enabled

Compilation events (10 events):
Event: 13,650 Thread 0x00007f66680bf000 nmethod 6394 0x00007f66592dc610 code [0x00007f66592dc820, 0x00007f66592dd1e8]
Event: 13,650 Thread 0x00007f66680bf000 6395       3       aQute.bnd.osgi.Jar::getVersion (37 bytes)
Event: 13,650 Thread 0x00007f66680bf000 nmethod 6395 0x00007f66592b97d0 code [0x00007f66592b99c0, 0x00007f66592ba0c8]
Event: 13,657 Thread 0x00007f66680bd000 nmethod 6386 0x00007f66597ff850 code [0x00007f66597ffcc0, 0x00007f66598025f0]
Event: 13,657 Thread 0x00007f66680bd000 6388       4       aQute.lib.collections.MultiMap::addAll (182 bytes)
Event: 13,679 Thread 0x00007f66680bf000 6396       3       aQute.bnd.osgi.Clazz::constantLong (35 bytes)
Event: 13,679 Thread 0x00007f66680bf000 nmethod 6396 0x00007f66592a4f50 code [0x00007f66592a5100, 0x00007f66592a55c8]
Event: 13,723 Thread 0x00007f66680bd000 nmethod 6388 0x00007f665a185710 code [0x00007f665a1859e0, 0x00007f665a1875b0]
Event: 13,723 Thread 0x00007f66680bd000 6387       4       aQute.bnd.osgi.Clazz::doSourceFile (21 bytes)
Event: 13,727 Thread 0x00007f66680bd000 nmethod 6387 0x00007f66593fe250 code [0x00007f66593fe3e0, 0x00007f66593fe658]

GC Heap History (10 events):
Event: 6,013 GC heap after
Heap after GC invocations=8 (full 1):
 PSYoungGen      total 137216K, used 10903K [0x00000000d5580000, 0x00000000e2c80000, 0x0000000100000000)
  eden space 125952K, 0% used [0x00000000d5580000,0x00000000d5580000,0x00000000dd080000)
  from space 11264K, 96% used [0x00000000dd080000,0x00000000ddb25e08,0x00000000ddb80000)
  to   space 12288K, 0% used [0x00000000e2080000,0x00000000e2080000,0x00000000e2c80000)
 ParOldGen       total 66048K, used 14650K [0x0000000080000000, 0x0000000084080000, 0x00000000d5580000)
  object space 66048K, 22% used [0x0000000080000000,0x0000000080e4e9d8,0x0000000084080000)
 Metaspace       used 25810K, capacity 26524K, committed 26624K, reserved 1073152K
  class space    used 3108K, capacity 3317K, committed 3328K, reserved 1048576K
}
Event: 7,474 GC heap before
{Heap before GC invocations=9 (full 1):
 PSYoungGen      total 137216K, used 136855K [0x00000000d5580000, 0x00000000e2c80000, 0x0000000100000000)
  eden space 125952K, 100% used [0x00000000d5580000,0x00000000dd080000,0x00000000dd080000)
  from space 11264K, 96% used [0x00000000dd080000,0x00000000ddb25e08,0x00000000ddb80000)
  to   space 12288K, 0% used [0x00000000e2080000,0x00000000e2080000,0x00000000e2c80000)
 ParOldGen       total 66048K, used 14650K [0x0000000080000000, 0x0000000084080000, 0x00000000d5580000)
  object space 66048K, 22% used [0x0000000080000000,0x0000000080e4e9d8,0x0000000084080000)
 Metaspace       used 30493K, capacity 31940K, committed 32128K, reserved 1077248K
  class space    used 3648K, capacity 3947K, committed 3968K, reserved 1048576K
Event: 7,500 GC heap after
Heap after GC invocations=9 (full 1):
 PSYoungGen      total 204800K, used 12266K [0x00000000d5580000, 0x00000000e3080000, 0x0000000100000000)
  eden space 192512K, 0% used [0x00000000d5580000,0x00000000d5580000,0x00000000e1180000)
  from space 12288K, 99% used [0x00000000e2080000,0x00000000e2c7abd8,0x00000000e2c80000)
  to   space 15360K, 0% used [0x00000000e1180000,0x00000000e1180000,0x00000000e2080000)
 ParOldGen       total 66048K, used 18203K [0x0000000080000000, 0x0000000084080000, 0x00000000d5580000)
  object space 66048K, 27% used [0x0000000080000000,0x00000000811c6f08,0x0000000084080000)
 Metaspace       used 30493K, capacity 31940K, committed 32128K, reserved 1077248K
  class space    used 3648K, capacity 3947K, committed 3968K, reserved 1048576K
}
Event: 8,296 GC heap before
{Heap before GC invocations=10 (full 1):
 PSYoungGen      total 204800K, used 91683K [0x00000000d5580000, 0x00000000e3080000, 0x0000000100000000)
  eden space 192512K, 41% used [0x00000000d5580000,0x00000000da30e120,0x00000000e1180000)
  from space 12288K, 99% used [0x00000000e2080000,0x00000000e2c7abd8,0x00000000e2c80000)
  to   space 15360K, 0% used [0x00000000e1180000,0x00000000e1180000,0x00000000e2080000)
 ParOldGen       total 66048K, used 18203K [0x0000000080000000, 0x0000000084080000, 0x00000000d5580000)
  object space 66048K, 27% used [0x0000000080000000,0x00000000811c6f08,0x0000000084080000)
 Metaspace       used 34019K, capacity 35368K, committed 35496K, reserved 1081344K
  class space    used 4046K, capacity 4333K, committed 4352K, reserved 1048576K
Event: 8,323 GC heap after
Heap after GC invocations=10 (full 1):
 PSYoungGen      total 207872K, used 15347K [0x00000000d5580000, 0x00000000e7980000, 0x0000000100000000)
  eden space 192512K, 0% used [0x00000000d5580000,0x00000000d5580000,0x00000000e1180000)
  from space 15360K, 99% used [0x00000000e1180000,0x00000000e207cf58,0x00000000e2080000)
  to   space 19968K, 0% used [0x00000000e6600000,0x00000000e6600000,0x00000000e7980000)
 ParOldGen       total 66048K, used 24784K [0x0000000080000000, 0x0000000084080000, 0x00000000d5580000)
  object space 66048K, 37% used [0x0000000080000000,0x00000000818341e0,0x0000000084080000)
 Metaspace       used 34019K, capacity 35368K, committed 35496K, reserved 1081344K
  class space    used 4046K, capacity 4333K, committed 4352K, reserved 1048576K
}
Event: 8,323 GC heap before
{Heap before GC invocations=11 (full 2):
 PSYoungGen      total 207872K, used 15347K [0x00000000d5580000, 0x00000000e7980000, 0x0000000100000000)
  eden space 192512K, 0% used [0x00000000d5580000,0x00000000d5580000,0x00000000e1180000)
  from space 15360K, 99% used [0x00000000e1180000,0x00000000e207cf58,0x00000000e2080000)
  to   space 19968K, 0% used [0x00000000e6600000,0x00000000e6600000,0x00000000e7980000)
 ParOldGen       total 66048K, used 24784K [0x0000000080000000, 0x0000000084080000, 0x00000000d5580000)
  object space 66048K, 37% used [0x0000000080000000,0x00000000818341e0,0x0000000084080000)
 Metaspace       used 34019K, capacity 35368K, committed 35496K, reserved 1081344K
  class space    used 4046K, capacity 4333K, committed 4352K, reserved 1048576K
Event: 8,458 GC heap after
Heap after GC invocations=11 (full 2):
 PSYoungGen      total 207872K, used 0K [0x00000000d5580000, 0x00000000e7980000, 0x0000000100000000)
  eden space 192512K, 0% used [0x00000000d5580000,0x00000000d5580000,0x00000000e1180000)
  from space 15360K, 0% used [0x00000000e1180000,0x00000000e1180000,0x00000000e2080000)
  to   space 19968K, 0% used [0x00000000e6600000,0x00000000e6600000,0x00000000e7980000)
 ParOldGen       total 108544K, used 31346K [0x0000000080000000, 0x0000000086a00000, 0x00000000d5580000)
  object space 108544K, 28% used [0x0000000080000000,0x0000000081e9cbe0,0x0000000086a00000)
 Metaspace       used 34019K, capacity 35368K, committed 35496K, reserved 1081344K
  class space    used 4046K, capacity 4333K, committed 4352K, reserved 1048576K
}
Event: 11,059 GC heap before
{Heap before GC invocations=12 (full 2):
 PSYoungGen      total 207872K, used 192512K [0x00000000d5580000, 0x00000000e7980000, 0x0000000100000000)
  eden space 192512K, 100% used [0x00000000d5580000,0x00000000e1180000,0x00000000e1180000)
  from space 15360K, 0% used [0x00000000e1180000,0x00000000e1180000,0x00000000e2080000)
  to   space 19968K, 0% used [0x00000000e6600000,0x00000000e6600000,0x00000000e7980000)
 ParOldGen       total 108544K, used 31346K [0x0000000080000000, 0x0000000086a00000, 0x00000000d5580000)
  object space 108544K, 28% used [0x0000000080000000,0x0000000081e9cbe0,0x0000000086a00000)
 Metaspace       used 35848K, capacity 37364K, committed 37632K, reserved 1083392K
  class space    used 4227K, capacity 4550K, committed 4608K, reserved 1048576K
Event: 11,148 GC heap after
Heap after GC invocations=12 (full 2):
 PSYoungGen      total 269312K, used 18786K [0x00000000d5580000, 0x00000000e7880000, 0x0000000100000000)
  eden space 250368K, 0% used [0x00000000d5580000,0x00000000d5580000,0x00000000e4a00000)
  from space 18944K, 99% used [0x00000000e6600000,0x00000000e7858a08,0x00000000e7880000)
  to   space 22528K, 0% used [0x00000000e4c80000,0x00000000e4c80000,0x00000000e6280000)
 ParOldGen       total 108544K, used 31354K [0x0000000080000000, 0x0000000086a00000, 0x00000000d5580000)
  object space 108544K, 28% used [0x0000000080000000,0x0000000081e9ebe0,0x0000000086a00000)
 Metaspace       used 35848K, capacity 37364K, committed 37632K, reserved 1083392K
  class space    used 4227K, capacity 4550K, committed 4608K, reserved 1048576K
}
Event: 13,754 GC heap before
{Heap before GC invocations=13 (full 2):
 PSYoungGen      total 269312K, used 269154K [0x00000000d5580000, 0x00000000e7880000, 0x0000000100000000)
  eden space 250368K, 100% used [0x00000000d5580000,0x00000000e4a00000,0x00000000e4a00000)
  from space 18944K, 99% used [0x00000000e6600000,0x00000000e7858a08,0x00000000e7880000)
  to   space 22528K, 0% used [0x00000000e4c80000,0x00000000e4c80000,0x00000000e6280000)
 ParOldGen       total 108544K, used 31354K [0x0000000080000000, 0x0000000086a00000, 0x00000000d5580000)
  object space 108544K, 28% used [0x0000000080000000,0x0000000081e9ebe0,0x0000000086a00000)
 Metaspace       used 36635K, capacity 38264K, committed 38528K, reserved 1083392K
  class space    used 4308K, capacity 4631K, committed 4736K, reserved 1048576K

Deoptimization events (10 events):
Event: 12,402 Thread 0x00007f666800b000 Uncommon trap: reason=unstable_if action=reinterpret pc=0x00007f665a0a5cfc method=org.kxml2.io.KXmlParser.read()I @ 4
Event: 12,412 Thread 0x00007f666800b000 Uncommon trap: reason=unstable_if action=reinterpret pc=0x00007f665a0f41d4 method=org.kxml2.io.KXmlParser.peek(I)I @ 36
Event: 12,420 Thread 0x00007f666800b000 Uncommon trap: reason=unstable_if action=reinterpret pc=0x00007f665a0fca5c method=org.kxml2.io.KXmlParser.pushText(IZ)V @ 43
Event: 12,429 Thread 0x00007f666800b000 Uncommon trap: reason=class_check action=maybe_recompile pc=0x00007f6659455cfc method=java.util.zip.InflaterInputStream.read([BII)I @ 100
Event: 12,429 Thread 0x00007f666800b000 Uncommon trap: reason=class_check action=maybe_recompile pc=0x00007f6659455cfc method=java.util.zip.InflaterInputStream.read([BII)I @ 100
Event: 12,429 Thread 0x00007f666800b000 Uncommon trap: reason=class_check action=maybe_recompile pc=0x00007f6659455cfc method=java.util.zip.InflaterInputStream.read([BII)I @ 100
Event: 12,429 Thread 0x00007f666800b000 Uncommon trap: reason=class_check action=maybe_recompile pc=0x00007f6659455cfc method=java.util.zip.InflaterInputStream.read([BII)I @ 100
Event: 12,441 Thread 0x00007f666800b000 Uncommon trap: reason=class_check action=maybe_recompile pc=0x00007f6659f66fbc method=java.util.HashMap.removeNode(ILjava/lang/Object;Ljava/lang/Object;ZZ)Ljava/util/HashMap$Node; @ 68
Event: 12,591 Thread 0x00007f666800b000 Uncommon trap: reason=unstable_if action=reinterpret pc=0x00007f66599b9bb8 method=java.util.LinkedList.linkFirst(Ljava/lang/Object;)V @ 22
Event: 12,706 Thread 0x00007f666800b000 Uncommon trap: reason=unstable_if action=reinterpret pc=0x00007f665920ac1c method=org.apache.maven.model.validation.DefaultModelValidator.validateId(Ljava/lang/String;Lorg/apache/maven/model/building/ModelProblemCollector;Lorg/apache/maven/model/building/

Classes redefined (0 events):
No events

Internal exceptions (10 events):
Event: 12,543 Thread 0x00007f666800b000 Implicit null exception at 0x00007f66596b9337 to 0x00007f66596bb208
Event: 12,543 Thread 0x00007f666800b000 Exception <a 'java/lang/NullPointerException'> (0x00000000dd848b38) thrown at [/HUDSON/workspace/8-2-build-linux-amd64/jdk8u221/13320/hotspot/src/share/vm/runtime/sharedRuntime.cpp, line 605]
Event: 12,543 Thread 0x00007f666800b000 Implicit null exception at 0x00007f66596b9337 to 0x00007f66596bb208
Event: 12,543 Thread 0x00007f666800b000 Exception <a 'java/lang/NullPointerException'> (0x00000000dd84bb00) thrown at [/HUDSON/workspace/8-2-build-linux-amd64/jdk8u221/13320/hotspot/src/share/vm/runtime/sharedRuntime.cpp, line 605]
Event: 12,543 Thread 0x00007f666800b000 Implicit null exception at 0x00007f66596b9337 to 0x00007f66596bb208
Event: 12,543 Thread 0x00007f666800b000 Exception <a 'java/lang/NullPointerException'> (0x00000000dd84bd78) thrown at [/HUDSON/workspace/8-2-build-linux-amd64/jdk8u221/13320/hotspot/src/share/vm/runtime/sharedRuntime.cpp, line 605]
Event: 12,543 Thread 0x00007f666800b000 Implicit null exception at 0x00007f66596b9337 to 0x00007f66596bb208
Event: 12,543 Thread 0x00007f666800b000 Exception <a 'java/lang/NullPointerException'> (0x00000000dd84bff0) thrown at [/HUDSON/workspace/8-2-build-linux-amd64/jdk8u221/13320/hotspot/src/share/vm/runtime/sharedRuntime.cpp, line 605]
Event: 12,543 Thread 0x00007f666800b000 Implicit null exception at 0x00007f66596b9337 to 0x00007f66596bb208
Event: 12,543 Thread 0x00007f666800b000 Exception <a 'java/lang/NullPointerException'> (0x00000000dd84c268) thrown at [/HUDSON/workspace/8-2-build-linux-amd64/jdk8u221/13320/hotspot/src/share/vm/runtime/sharedRuntime.cpp, line 605]

Events (10 events):
Event: 13,452 Thread 0x00007f66680bf000 flushing nmethod 0x00007f6659d0dd50
Event: 13,452 Thread 0x00007f66680bf000 flushing nmethod 0x00007f6659d49790
Event: 13,454 Thread 0x00007f66680bf000 flushing nmethod 0x00007f6659da2490
Event: 13,454 Thread 0x00007f66680bf000 flushing nmethod 0x00007f6659dc7410
Event: 13,454 Thread 0x00007f66680bf000 flushing nmethod 0x00007f6659e06890
Event: 13,454 Thread 0x00007f66680bf000 flushing nmethod 0x00007f6659e46b10
Event: 13,454 Thread 0x00007f66680bf000 flushing nmethod 0x00007f6659e49850
Event: 13,454 Thread 0x00007f66680bf000 flushing nmethod 0x00007f6659e69750
Event: 13,454 Thread 0x00007f66680bf000 flushing nmethod 0x00007f6659e6d150
Event: 13,752 Executing VM operation: ParallelGCFailedAllocation


Dynamic libraries:
00400000-00401000 r-xp 00000000 08:01 677184                             /usr/lib/jvm/jdk1.8.0_221/bin/java
00600000-00601000 r--p 00000000 08:01 677184                             /usr/lib/jvm/jdk1.8.0_221/bin/java
00601000-00602000 rw-p 00001000 08:01 677184                             /usr/lib/jvm/jdk1.8.0_221/bin/java
00fc4000-00fe5000 rw-p 00000000 00:00 0                                  [heap]
80000000-86a00000 rw-p 00000000 00:00 0 
86a00000-d5580000 ---p 00000000 00:00 0 
d5580000-e7880000 rw-p 00000000 00:00 0 
ef280000-100000000 ---p 00000000 00:00 0 
100000000-1004a0000 rw-p 00000000 00:00 0 
1004a0000-140000000 ---p 00000000 00:00 0 
7f6600000000-7f6600021000 rw-p 00000000 00:00 0 
7f6600021000-7f6604000000 ---p 00000000 00:00 0 
7f6608000000-7f6608021000 rw-p 00000000 00:00 0 
7f6608021000-7f660c000000 ---p 00000000 00:00 0 
7f660c000000-7f660c021000 rw-p 00000000 00:00 0 
7f660c021000-7f6610000000 ---p 00000000 00:00 0 
7f6613104000-7f661310b000 r--s 0003b000 08:01 950397                     /home/simon/.m2/repository/com/diffplug/durian/durian-concurrent/1.2.0/durian-concurrent-1.2.0.jar
7f661310b000-7f6613123000 r--s 00111000 08:01 950396                     /home/simon/.m2/repository/com/diffplug/durian/durian-collect/1.2.0/durian-collect-1.2.0.jar
7f6613123000-7f661312a000 r--s 0004d000 08:01 950395                     /home/simon/.m2/repository/com/diffplug/durian/durian-core/1.2.0/durian-core-1.2.0.jar
7f661312a000-7f661312b000 r--s 00000000 08:01 950389                     /home/simon/.m2/repository/org/reactivestreams/reactive-streams/1.0.0/reactive-streams-1.0.0.jar
7f661312b000-7f6613155000 r--s 001ad000 08:01 950388                     /home/simon/.m2/repository/io/reactivex/rxjava2/rxjava/2.0.0/rxjava-2.0.0.jar
7f6613155000-7f6613157000 r--s 0000f000 08:01 950384                     /home/simon/.m2/repository/com/diffplug/durian/durian-rx/3.0.0/durian-rx-3.0.0.jar
7f6613157000-7f661315a000 r--s 0001c000 08:01 950375                     /home/simon/.m2/repository/org/eclipse/platform/org.eclipse.equinox.common/3.11.0/org.eclipse.equinox.common-3.11.0.jar
7f661315a000-7f661325a000 rw-p 00000000 00:00 0 
7f661325a000-7f661335a000 ---p 00000000 00:00 0 
7f661335a000-7f661336d000 r--s 00345000 08:01 677299                     /usr/lib/jvm/jdk1.8.0_221/jre/lib/resources.jar
7f661336d000-7f661356d000 rw-p 00000000 00:00 0 
7f661356d000-7f661376d000 rw-p 00000000 00:00 0 
7f661376d000-7f661376e000 r--s 00002000 08:01 950379                     /home/simon/.m2/repository/com/diffplug/durian/durian-swt.os/3.3.1/durian-swt.os-3.3.1.jar
7f661376e000-7f6613772000 r--s 00019000 08:01 950374                     /home/simon/.m2/repository/org/eclipse/platform/org.eclipse.core.commands/3.9.700/org.eclipse.core.commands-3.9.700.jar
7f6613772000-7f6613783000 r--s 000fb000 08:01 950369                     /home/simon/.m2/repository/org/eclipse/platform/org.eclipse.jface/3.13.0/org.eclipse.jface-3.13.0.jar
7f6613783000-7f6613784000 r--s 00004000 08:01 950356                     /home/simon/.m2/repository/org/eclipse/platform/org.eclipse.swt/3.106.0/org.eclipse.swt-3.106.0.jar
7f6613784000-7f6613788000 r--s 0002c000 08:01 950352                     /home/simon/.m2/repository/com/diffplug/durian/durian-swt/3.3.1/durian-swt-3.3.1.jar
7f6613788000-7f661378b000 r--s 00025000 08:01 949830                     /home/simon/.m2/repository/org/apache/maven/shared/maven-shared-utils/3.1.0/maven-shared-utils-3.1.0.jar
7f661378b000-7f661378e000 r--s 0000d000 08:01 949826                     /home/simon/.m2/repository/org/apache/maven/shared/maven-common-artifact-filters/3.0.1/maven-common-artifact-filters-3.0.1.jar
7f661378e000-7f6613793000 r--s 0001b000 08:01 949823                     /home/simon/.m2/repository/org/apache/maven/shared/maven-artifact-transfer/0.10.0/maven-artifact-transfer-0.10.0.jar
7f6613793000-7f6613795000 r--s 00006000 08:01 949296                     /home/simon/.m2/repository/org/apache/maven/plugins/maven-install-plugin/3.0.0-M1/maven-install-plugin-3.0.0-M1.jar
7f6613795000-7f6613798000 ---p 00000000 00:00 0 
7f6613798000-7f6613a96000 rw-p 00000000 00:00 0 
7f6613a96000-7f6613a99000 r--s 00027000 08:01 949771                     /home/simon/.m2/repository/org/codehaus/plexus/plexus-utils/1.1/plexus-utils-1.1.jar
7f6613a99000-7f6613a9b000 r--s 0001a000 08:01 949766                     /home/simon/.m2/repository/org/ow2/asm/asm/7.0/asm-7.0.jar
7f6613a9b000-7f6613a9d000 r--s 0000b000 08:01 949765                     /home/simon/.m2/repository/org/codehaus/plexus/plexus-java/1.0.3/plexus-java-1.0.3.jar
7f6613a9d000-7f6613aa4000 r--s 0004b000 08:01 949759                     /home/simon/.m2/repository/commons-codec/commons-codec/1.11/commons-codec-1.11.jar
7f6613aa4000-7f6613aa6000 r--s 0000d000 08:01 949755                     /home/simon/.m2/repository/org/apache/maven/shared/maven-common-artifact-filters/3.1.0/maven-common-artifact-filters-3.1.0.jar
7f6613aa6000-7f6613aab000 r--s 0001b000 08:01 949752                     /home/simon/.m2/repository/org/apache/maven/shared/maven-artifact-transfer/0.11.0/maven-artifact-transfer-0.11.0.jar
7f6613aab000-7f6613ab1000 r--s 00048000 08:01 949746                     /home/simon/.m2/repository/org/apache/maven/surefire/surefire-booter/3.0.0-M4/surefire-booter-3.0.0-M4.jar
7f6613ab1000-7f6613ab3000 r--s 00002000 08:01 949744                     /home/simon/.m2/repository/org/apache/maven/surefire/surefire-extensions-api/3.0.0-M4/surefire-extensions-api-3.0.0-M4.jar
7f6613ab3000-7f6613ab5000 r--s 00002000 08:01 949748                     /home/simon/.m2/repository/org/apache/maven/surefire/surefire-logger-api/3.0.0-M4/surefire-logger-api-3.0.0-M4.jar
7f6613ab5000-7f6613abf000 r--s 0004a000 08:01 949742                     /home/simon/.m2/repository/org/apache/maven/surefire/surefire-api/3.0.0-M4/surefire-api-3.0.0-M4.jar
7f6613abf000-7f6613ace000 r--s 000b6000 08:01 949740                     /home/simon/.m2/repository/org/apache/maven/surefire/maven-surefire-common/3.0.0-M4/maven-surefire-common-3.0.0-M4.jar
7f6613ace000-7f6613ad0000 r--s 00009000 08:01 949287                     /home/simon/.m2/repository/org/apache/maven/plugins/maven-surefire-plugin/3.0.0-M4/maven-surefire-plugin-3.0.0-M4.jar
7f6613ad0000-7f6613ad2000 r--s 00004000 08:01 949659                     /home/simon/.m2/repository/org/codehaus/plexus/plexus-compiler-javac/2.8.4/plexus-compiler-javac-2.8.4.jar
7f6613ad2000-7f6613ad4000 r--s 00000000 08:01 949650                     /home/simon/.m2/repository/org/codehaus/plexus/plexus-compiler-manager/2.8.4/plexus-compiler-manager-2.8.4.jar
7f6613ad4000-7f6613ad6000 r--s 00005000 08:01 949649                     /home/simon/.m2/repository/org/codehaus/plexus/plexus-compiler-api/2.8.4/plexus-compiler-api-2.8.4.jar
7f6613ad6000-7f6613add000 r--s 00047000 08:01 949645                     /home/simon/.m2/repository/com/thoughtworks/qdox/qdox/2.0-M9/qdox-2.0-M9.jar
7f6613add000-7f6613adf000 r--s 0001a000 08:01 949641                     /home/simon/.m2/repository/org/ow2/asm/asm/6.2/asm-6.2.jar
7f6613adf000-7f6613ae1000 r--s 00008000 08:01 949637                     /home/simon/.m2/repository/org/codehaus/plexus/plexus-java/0.9.10/plexus-java-0.9.10.jar
7f6613ae1000-7f6613ae3000 r--s 00002000 08:01 949634                     /home/simon/.m2/repository/org/apache/maven/shared/maven-shared-incremental/1.1/maven-shared-incremental-1.1.jar
7f6613ae3000-7f6613ae6000 r--s 00026000 08:01 949628                     /home/simon/.m2/repository/org/apache/maven/shared/maven-shared-utils/3.2.1/maven-shared-utils-3.2.1.jar
7f6613ae6000-7f6613aea000 r--s 00033000 08:01 949624                     /home/simon/.m2/repository/org/codehaus/plexus/plexus-utils/2.0.4/plexus-utils-2.0.4.jar
7f6613aea000-7f6613aec000 r--s 0000e000 08:01 949273                     /home/simon/.m2/repository/org/apache/maven/plugins/maven-compiler-plugin/3.8.1/maven-compiler-plugin-3.8.1.jar
7f6613aec000-7f6613aef000 r--s 00011000 08:01 949543                     /home/simon/.m2/repository/org/codehaus/plexus/plexus-interpolation/1.24/plexus-interpolation-1.24.jar
7f6613aef000-7f6613af2000 r--s 00023000 08:01 949537                     /home/simon/.m2/repository/org/apache/maven/shared/maven-shared-utils/3.0.0/maven-shared-utils-3.0.0.jar
7f6613af2000-7f6613af4000 r--s 0000b000 08:01 949532                     /home/simon/.m2/repository/org/apache/maven/shared/maven-filtering/3.1.1/maven-filtering-3.1.1.jar
7f6613af4000-7f6613af8000 r--s 0003c000 08:01 949528                     /home/simon/.m2/repository/org/codehaus/plexus/plexus-utils/3.1.0/plexus-utils-3.1.0.jar
7f6613af8000-7f6613af9000 r--s 00007000 08:01 949246                     /home/simon/.m2/repository/org/apache/maven/plugins/maven-resources-plugin/3.1.0/maven-resources-plugin-3.1.0.jar
7f6613af9000-7f6613cf9000 rw-p 00000000 00:00 0 
7f6613cf9000-7f6613cfa000 r--s 00002000 08:01 949217                     /home/simon/.m2/repository/org/codehaus/plexus/plexus-digest/1.0/plexus-digest-1.0.jar
7f6613cfa000-7f6613cfe000 r--s 00035000 08:01 949215                     /home/simon/.m2/repository/org/codehaus/plexus/plexus-utils/3.0.5/plexus-utils-3.0.5.jar
7f6613cfe000-7f6613cff000 r--s 00006000 08:01 949068                     /home/simon/.m2/repository/org/apache/maven/plugins/maven-install-plugin/2.4/maven-install-plugin-2.4.jar
7f6613cff000-7f6613eff000 rw-p 00000000 00:00 0 
7f6613eff000-7f6613f02000 ---p 00000000 00:00 0 
7f6613f02000-7f6614000000 rw-p 00000000 00:00 0 
7f6614000000-7f6614021000 rw-p 00000000 00:00 0 
7f6614021000-7f6618000000 ---p 00000000 00:00 0 
7f6618000000-7f6618021000 rw-p 00000000 00:00 0 
7f6618021000-7f661c000000 ---p 00000000 00:00 0 
7f661c000000-7f661c021000 rw-p 00000000 00:00 0 
7f661c021000-7f6620000000 ---p 00000000 00:00 0 
7f6620000000-7f6620021000 rw-p 00000000 00:00 0 
7f6620021000-7f6624000000 ---p 00000000 00:00 0 
7f6624000000-7f6625284000 rw-p 00000000 00:00 0 
7f6625284000-7f6628000000 ---p 00000000 00:00 0 
7f6628000000-7f6628f39000 rw-p 00000000 00:00 0 
7f6628f39000-7f662c000000 ---p 00000000 00:00 0 
7f662c000000-7f662c021000 rw-p 00000000 00:00 0 
7f662c021000-7f6630000000 ---p 00000000 00:00 0 
7f6630000000-7f663193f000 rw-p 00000000 00:00 0 
7f663193f000-7f6634000000 ---p 00000000 00:00 0 
7f6634000000-7f6634021000 rw-p 00000000 00:00 0 
7f6634021000-7f6638000000 ---p 00000000 00:00 0 
7f6638000000-7f6638021000 rw-p 00000000 00:00 0 
7f6638021000-7f663c000000 ---p 00000000 00:00 0 
7f663c000000-7f663c021000 rw-p 00000000 00:00 0 
7f663c021000-7f6640000000 ---p 00000000 00:00 0 
7f6640000000-7f664029c000 rw-p 00000000 00:00 0 
7f664029c000-7f6644000000 ---p 00000000 00:00 0 
7f6644000000-7f6644021000 rw-p 00000000 00:00 0 
7f6644021000-7f6648000000 ---p 00000000 00:00 0 
7f6648000000-7f6648004000 r--s 00034000 08:01 949110                     /home/simon/.m2/repository/org/codehaus/plexus/plexus-utils/3.0/plexus-utils-3.0.jar
7f6648004000-7f6648006000 r--s 00005000 08:01 949046                     /home/simon/.m2/repository/org/apache/maven/plugins/maven-clean-plugin/2.5/maven-clean-plugin-2.5.jar
7f6648006000-7f6648014000 r--s 0007f000 08:01 951106                     /home/simon/.m2/repository/commons-collections/commons-collections/3.2.1/commons-collections-3.2.1.jar
7f6648014000-7f6648019000 r--s 00041000 08:01 951100                     /home/simon/.m2/repository/commons-lang/commons-lang/2.6/commons-lang-2.6.jar
7f6648019000-7f664801b000 r--s 00006000 08:01 1027211                    /home/simon/.m2/repository/org/apache/maven/shared/maven-invoker/2.0.11/maven-invoker-2.0.11.jar
7f664801b000-7f664801d000 r--s 00006000 08:01 1027178                    /home/simon/.m2/repository/org/apache/maven/shared/maven-common-artifact-filters/1.4/maven-common-artifact-filters-1.4.jar
7f664801d000-7f664801e000 r--s 0000a000 08:01 1027151                    /home/simon/.m2/repository/asm/asm/3.3.1/asm-3.3.1.jar
7f664801e000-7f6648020000 r--s 00005000 08:01 1027148                    /home/simon/.m2/repository/org/apache/maven/shared/maven-dependency-analyzer/1.4/maven-dependency-analyzer-1.4.jar
7f6648020000-7f6648023000 r--s 0000c000 08:01 1027141                    /home/simon/.m2/repository/org/codehaus/plexus/plexus-io/2.0.6/plexus-io-2.0.6.jar
7f6648023000-7f6648026000 r--s 0001b000 08:01 949196                     /home/simon/.m2/repository/junit/junit/3.8.1/junit-3.8.1.jar
7f6648026000-7f6648028000 r--s 00008000 08:01 1027124                    /home/simon/.m2/repository/org/apache/maven/shared/maven-shared-io/1.1/maven-shared-io-1.1.jar
7f6648028000-7f664802a000 r--s 00008000 08:01 1027118                    /home/simon/.m2/repository/org/apache/maven/shared/file-management/1.2.1/file-management-1.2.1.jar
7f664802a000-7f664802e000 r--s 00035000 08:01 1027117                    /home/simon/.m2/repository/org/codehaus/plexus/plexus-utils/3.0.9/plexus-utils-3.0.9.jar
7f664802e000-7f6648032000 r--s 0002a000 08:01 1027111                    /home/simon/.m2/repository/org/codehaus/plexus/plexus-archiver/2.3/plexus-archiver-2.3.jar
7f6648032000-7f6648037000 r--s 00016000 08:01 1027102                    /home/simon/.m2/repository/xml-apis/xml-apis/1.0.b2/xml-apis-1.0.b2.jar
7f6648037000-7f6648039000 r--s 00008000 08:01 1027101                    /home/simon/.m2/repository/commons-logging/commons-logging/1.0.4/commons-logging-1.0.4.jar
7f6648039000-7f664803d000 r--s 00026000 08:01 1027094                    /home/simon/.m2/repository/commons-digester/commons-digester/1.6/commons-digester-1.6.jar
7f664803d000-7f6648042000 r--s 0002a000 08:01 1027079                    /home/simon/.m2/repository/commons-beanutils/commons-beanutils/1.7.0/commons-beanutils-1.7.0.jar
7f6648042000-7f6648045000 r--s 00014000 08:01 1027061                    /home/simon/.m2/repository/commons-validator/commons-validator/1.2.0/commons-validator-1.2.0.jar
7f6648045000-7f6648048000 r--s 00018000 08:01 1027059                    /home/simon/.m2/repository/commons-io/commons-io/1.4/commons-io-1.4.jar
7f6648048000-7f664804a000 r--s 00009000 08:01 1027041                    /home/simon/.m2/repository/org/apache/maven/shared/maven-doxia-tools/1.0.2/maven-doxia-tools-1.0.2.jar
7f664804a000-7f664804c000 r--s 00004000 08:01 1027016                    /home/simon/.m2/repository/org/apache/maven/reporting/maven-reporting-impl/2.0.5/maven-reporting-impl-2.0.5.jar
7f664804c000-7f664804d000 r--s 00002000 08:01 1027015                    /home/simon/.m2/repository/org/apache/maven/reporting/maven-reporting-api/3.0/maven-reporting-api-3.0.jar
7f664804d000-7f664804f000 r--s 00006000 08:01 1027001                    /home/simon/.m2/repository/commons-cli/commons-cli/1.0/commons-cli-1.0.jar
7f664804f000-7f6648052000 r--s 00023000 08:01 1024866                    /home/simon/.m2/repository/org/apache/maven/plugins/maven-dependency-plugin/2.8/maven-dependency-plugin-2.8.jar
7f6648052000-7f6648055000 ---p 00000000 00:00 0 
7f6648055000-7f6648153000 rw-p 00000000 00:00 0 
7f6648153000-7f6648156000 ---p 00000000 00:00 0 
7f6648156000-7f6648254000 rw-p 00000000 00:00 0 
7f6648254000-7f6648257000 ---p 00000000 00:00 0 
7f6648257000-7f6648555000 rw-p 00000000 00:00 0 
7f6648555000-7f6648755000 rw-p 00000000 00:00 0 
7f6648755000-7f6648758000 r--s 00023000 08:01 948987                     /home/simon/.m2/repository/org/jdom/jdom/1.1/jdom-1.1.jar
7f6648758000-7f664875a000 r--s 00004000 08:01 948985                     /home/simon/.m2/repository/org/apache/maven/doxia/doxia-module-xhtml/1.0/doxia-module-xhtml-1.0.jar
7f664875a000-7f664875b000 r--s 00006000 08:01 948973                     /home/simon/.m2/repository/org/apache/maven/doxia/doxia-module-xdoc/1.0/doxia-module-xdoc-1.0.jar
7f664875b000-7f664875c000 r--s 00004000 08:01 948968                     /home/simon/.m2/repository/org/apache/maven/doxia/doxia-module-fml/1.0/doxia-module-fml-1.0.jar
7f664875c000-7f664875e000 r--s 0000a000 08:01 948655                     /home/simon/.m2/repository/org/apache/maven/doxia/doxia-module-apt/1.0/doxia-module-apt-1.0.jar
7f664875e000-7f664876b000 r--s 0007f000 08:01 948643                     /home/simon/.m2/repository/commons-collections/commons-collections/3.2/commons-collections-3.2.jar
7f664876b000-7f664876c000 r--s 0000b000 08:01 948649                     /home/simon/.m2/repository/org/apache/maven/doxia/doxia-decoration-model/1.0/doxia-decoration-model-1.0.jar
7f664876c000-7f664876e000 r--s 0000e000 08:01 948645                     /home/simon/.m2/repository/oro/oro/2.0.8/oro-2.0.8.jar
7f664876e000-7f6648772000 r--s 0002f000 08:01 948634                     /home/simon/.m2/repository/commons-lang/commons-lang/2.1/commons-lang-2.1.jar
7f6648772000-7f664877a000 r--s 00058000 08:01 948636                     /home/simon/.m2/repository/org/apache/velocity/velocity/1.5/velocity-1.5.jar
7f664877a000-7f664877b000 r--s 00001000 08:01 948635                     /home/simon/.m2/repository/org/codehaus/plexus/plexus-velocity/1.1.7/plexus-velocity-1.1.7.jar
7f664877b000-7f664877c000 r--s 00002000 08:01 948341                     /home/simon/.m2/repository/org/codehaus/plexus/plexus-i18n/1.0-beta-7/plexus-i18n-1.0-beta-7.jar
7f664877c000-7f664877f000 r--s 0000b000 08:01 948630                     /home/simon/.m2/repository/org/apache/maven/doxia/doxia-core/1.0/doxia-core-1.0.jar
7f664877f000-7f6648781000 r--s 0000a000 08:01 948626                     /home/simon/.m2/repository/org/apache/maven/doxia/doxia-site-renderer/1.0/doxia-site-renderer-1.0.jar
7f6648781000-7f6648782000 r--s 00002000 08:01 948624                     /home/simon/.m2/repository/org/apache/maven/doxia/doxia-sink-api/1.0/doxia-sink-api-1.0.jar
7f6648782000-7f6648784000 r--s 00001000 08:01 948621                     /home/simon/.m2/repository/org/sonatype/plexus/plexus-build-api/0.0.7/plexus-build-api-0.0.7.jar
7f6648784000-7f6648788000 r--s 00035000 08:01 948620                     /home/simon/.m2/repository/org/codehaus/plexus/plexus-utils/3.0.10/plexus-utils-3.0.10.jar
7f6648788000-7f664878c000 r--s 0001d000 08:01 948616                     /home/simon/.m2/repository/org/eclipse/aether/aether-util/0.9.0.M2/aether-util-0.9.0.M2.jar
7f664878c000-7f664878e000 r--s 00000000 08:01 948607                     /home/simon/.m2/repository/org/codehaus/plexus/plexus-component-annotations/1.5.5/plexus-component-annotations-1.5.5.jar
7f664878e000-7f6648791000 r--s 0000c000 08:01 948606                     /home/simon/.m2/repository/org/apache/maven/shared/maven-dependency-tree/2.1/maven-dependency-tree-2.1.jar
7f6648791000-7f6648794000 r--s 0000d000 08:01 948601                     /home/simon/.m2/repository/org/codehaus/plexus/plexus-interpolation/1.21/plexus-interpolation-1.21.jar
7f6648794000-7f664879b000 r--s 00056000 08:01 948594                     /home/simon/.m2/repository/org/apache/commons/commons-compress/1.9/commons-compress-1.9.jar
7f664879b000-7f664879f000 r--s 0000f000 08:01 948589                     /home/simon/.m2/repository/org/codehaus/plexus/plexus-io/2.3.2/plexus-io-2.3.2.jar
7f664879f000-7f66487a3000 r--s 0001f000 08:01 948582                     /home/simon/.m2/repository/org/codehaus/plexus/plexus-archiver/2.8.1/plexus-archiver-2.8.1.jar
7f66487a3000-7f66487a5000 r--s 00006000 08:01 948578                     /home/simon/.m2/repository/com/google/code/findbugs/jsr305/2.0.1/jsr305-2.0.1.jar
7f66487a5000-7f66487a9000 r--s 00026000 08:01 948577                     /home/simon/.m2/repository/org/apache/maven/shared/maven-shared-utils/0.7/maven-shared-utils-0.7.jar
7f66487a9000-7f66487aa000 r--s 00005000 08:01 948563                     /home/simon/.m2/repository/org/apache/maven/maven-archiver/2.6/maven-archiver-2.6.jar
7f66487aa000-7f66487ac000 r--s 00002000 08:01 948561                     /home/simon/.m2/repository/org/sonatype/plexus/plexus-cipher/1.4/plexus-cipher-1.4.jar
7f66487ac000-7f66487b4000 r--s 00049000 08:01 948548                     /home/simon/.m2/repository/backport-util-concurrent/backport-util-concurrent/3.1/backport-util-concurrent-3.1.jar
7f66487b4000-7f66487b6000 r--s 00002000 08:01 948537                     /home/simon/.m2/repository/org/codehaus/plexus/plexus-interactivity-api/1.0-alpha-4/plexus-interactivity-api-1.0-alpha-4.jar
7f66487b6000-7f66487b8000 r--s 00009000 08:01 948528                     /home/simon/.m2/repository/commons-cli/commons-cli/1.2/commons-cli-1.2.jar
7f66487b8000-7f66487ba000 r--s 00009000 08:01 948514                     /home/simon/.m2/repository/org/hamcrest/hamcrest-core/1.3/hamcrest-core-1.3.jar
7f66487ba000-7f66487c2000 r--s 00045000 08:01 948507                     /home/simon/.m2/repository/junit/junit/4.12/junit-4.12.jar
7f66487c2000-7f66487c3000 r--s 00002000 08:01 948492                     /home/simon/.m2/repository/org/apache/maven/doxia/doxia-logging-api/1.1/doxia-logging-api-1.1.jar
7f66487c3000-7f66487c4000 r--s 00002000 08:01 948488                     /home/simon/.m2/repository/org/apache/maven/reporting/maven-reporting-api/2.2.0/maven-reporting-api-2.2.0.jar
7f66487c4000-7f66487c6000 r--s 00003000 08:01 948481                     /home/simon/.m2/repository/org/slf4j/jcl-over-slf4j/1.5.6/jcl-over-slf4j-1.5.6.jar
7f66487c6000-7f66487c8000 r--s 00001000 08:01 948462                     /home/simon/.m2/repository/org/slf4j/slf4j-jdk14/1.5.6/slf4j-jdk14-1.5.6.jar
7f66487c8000-7f66487d6000 r--s 00088000 08:01 948361                     /home/simon/.m2/repository/org/osgi/org.osgi.compendium/4.2.0/org.osgi.compendium-4.2.0.jar
7f66487d6000-7f66487d8000 r--s 0000f000 08:01 948357                     /home/simon/.m2/repository/org/apache/felix/org.apache.felix.utils/1.6.0/org.apache.felix.utils-1.6.0.jar
7f66487d8000-7f66487da000 r--s 0000b000 08:01 948348                     /home/simon/.m2/repository/org/objenesis/objenesis/2.2/objenesis-2.2.jar
7f66487da000-7f66487e3000 r--s 0006b000 08:01 948343                     /home/simon/.m2/repository/org/easymock/easymock/3.4/easymock-3.4.jar
7f66487e3000-7f66487e7000 r--s 00026000 08:01 948339                     /home/simon/.m2/repository/org/apache/felix/org.apache.felix.bundlerepository/1.6.6/org.apache.felix.bundlerepository-1.6.6.jar
7f66487e7000-7f6648812000 r--s 0024a000 08:01 948340                     /home/simon/.m2/repository/biz/aQute/bnd/biz.aQute.bndlib/3.5.0/biz.aQute.bndlib-3.5.0.jar
7f6648812000-7f6648819000 r--s 0004f000 08:01 948336                     /home/simon/.m2/repository/org/osgi/org.osgi.core/4.3.1/org.osgi.core-4.3.1.jar
7f6648819000-7f664881d000 r--s 00035000 08:01 948332                     /home/simon/.m2/repository/org/apache/felix/maven-bundle-plugin/3.5.0/maven-bundle-plugin-3.5.0.jar
7f664881d000-7f6648a1d000 rw-p 00000000 00:00 0 
7f6648a1d000-7f6648a20000 r--s 0001a000 08:01 677264                     /usr/lib/jvm/jdk1.8.0_221/jre/lib/jce.jar
7f6648a20000-7f6648a23000 r--s 00005000 08:01 947626                     /home/simon/.m2/repository/org/eclipse/tycho/org.eclipse.tycho.p2.resolver.shared/1.5.0/org.eclipse.tycho.p2.resolver.shared-1.5.0.jar
7f6648a23000-7f6648a25000 r--s 00000000 08:01 947625                     /home/simon/.m2/repository/org/codehaus/plexus/plexus-component-annotations/1.7.1/plexus-component-annotations-1.7.1.jar
7f6648a25000-7f6648a27000 r--s 00008000 08:01 947620                     /home/simon/.m2/repository/org/eclipse/tycho/tycho-p2-facade/1.5.0/tycho-p2-facade-1.5.0.jar
7f6648a27000-7f6648a2a000 r--s 00007000 08:01 947610                     /home/simon/.m2/repository/org/eclipse/tycho/org.eclipse.tycho.core.shared/1.5.0/org.eclipse.tycho.core.shared-1.5.0.jar
7f6648a2a000-7f6648a2c000 r--s 00001000 08:01 947600                     /home/simon/.m2/repository/org/eclipse/tycho/org.eclipse.tycho.embedder.shared/1.5.0/org.eclipse.tycho.embedder.shared-1.5.0.jar
7f6648a2c000-7f6648a2d000 r--s 00001000 08:01 947596                     /home/simon/.m2/repository/org/eclipse/tycho/tycho-embedder-api/1.5.0/tycho-embedder-api-1.5.0.jar
7f6648a2d000-7f6648a30000 r--s 00019000 08:01 947590                     /home/simon/.m2/repository/de/pdark/decentxml/1.3/decentxml-1.3.jar
7f6648a30000-7f6648a32000 r--s 00008000 08:01 947585                     /home/simon/.m2/repository/org/eclipse/tycho/tycho-metadata-model/1.5.0/tycho-metadata-model-1.5.0.jar
7f6648a32000-7f6648a33000 r--s 00000000 08:01 947574                     /home/simon/.m2/repository/org/eclipse/tycho/sisu-equinox-api/1.5.0/sisu-equinox-api-1.5.0.jar
7f6648a33000-7f6648a35000 r--s 00002000 08:01 947570                     /home/simon/.m2/repository/org/eclipse/tycho/sisu-equinox-embedder/1.5.0/sisu-equinox-embedder-1.5.0.jar
7f6648a35000-7f6648a4b000 r--s 0014f000 08:01 947569                     /home/simon/.m2/repository/org/eclipse/platform/org.eclipse.osgi/3.15.0/org.eclipse.osgi-3.15.0.jar
7f6648a4b000-7f6648a4e000 r--s 0003a000 08:01 947567                     /home/simon/.m2/repository/org/eclipse/platform/org.eclipse.osgi.compatibility.state/1.1.600/org.eclipse.osgi.compatibility.state-1.1.600.jar
7f6648a4e000-7f6648a52000 r--s 00015000 08:01 947560                     /home/simon/.m2/repository/org/tukaani/xz/1.5/xz-1.5.jar
7f6648a52000-7f6648a54000 r--s 0000d000 08:01 947557                     /home/simon/.m2/repository/org/iq80/snappy/snappy/0.4/snappy-0.4.jar
7f6648a54000-7f6648a5f000 r--s 00086000 08:01 947554                     /home/simon/.m2/repository/org/apache/commons/commons-compress/1.18/commons-compress-1.18.jar
7f6648a5f000-7f6648a63000 r--s 0002f000 08:01 947550                     /home/simon/.m2/repository/commons-io/commons-io/2.5/commons-io-2.5.jar
7f6648a63000-7f6648a66000 r--s 00012000 08:01 947547                     /home/simon/.m2/repository/org/codehaus/plexus/plexus-io/2.7.1/plexus-io-2.7.1.jar
7f6648a66000-7f6648a6b000 r--s 00029000 08:01 947546                     /home/simon/.m2/repository/org/codehaus/plexus/plexus-archiver/3.4/plexus-archiver-3.4.jar
7f6648a6b000-7f6648a6f000 r--s 00039000 08:01 947531                     /home/simon/.m2/repository/org/codehaus/plexus/plexus-utils/3.0.24/plexus-utils-3.0.24.jar
7f6648a6f000-7f6648a71000 r--s 00004000 08:01 947524                     /home/simon/.m2/repository/org/eclipse/tycho/org.eclipse.tycho.p2.tools.shared/1.5.0/org.eclipse.tycho.p2.tools.shared-1.5.0.jar
7f6648a71000-7f6648a73000 r--s 00002000 08:01 947523                     /home/simon/.m2/repository/org/sonatype/plexus/plexus-cipher/1.7/plexus-cipher-1.7.jar
7f6648a73000-7f6648a74000 r--s 00006000 08:01 947515                     /home/simon/.m2/repository/org/sonatype/plexus/plexus-sec-dispatcher/1.3/plexus-sec-dispatcher-1.3.jar
7f6648a74000-7f6648a76000 r--s 0000d000 08:01 947513                     /home/simon/.m2/repository/org/codehaus/plexus/plexus-interpolation/1.14/plexus-interpolation-1.14.jar
7f6648a76000-7f6648a81000 r--s 00069000 08:01 947505                     /home/simon/.m2/repository/org/sonatype/sisu/sisu-guice/2.1.7/sisu-guice-2.1.7-noaop.jar
7f6648a81000-7f6648a86000 r--s 00021000 08:01 947502                     /home/simon/.m2/repository/org/sonatype/sisu/sisu-inject-bean/1.4.2/sisu-inject-bean-1.4.2.jar
7f6648a86000-7f6648a8a000 r--s 00017000 08:01 947498                     /home/simon/.m2/repository/org/sonatype/aether/aether-util/1.7/aether-util-1.7.jar
7f6648a8a000-7f6648a8f000 r--s 0002e000 08:01 947468                     /home/simon/.m2/repository/org/eclipse/tycho/tycho-core/1.5.0/tycho-core-1.5.0.jar
7f6648a8f000-7f6648a90000 r--s 00001000 08:01 947456                     /home/simon/.m2/repository/org/eclipse/tycho/tycho-maven-plugin/1.5.0/tycho-maven-plugin-1.5.0.jar
7f6648a90000-7f6648c90000 rw-p 00000000 00:00 0 
7f6648c90000-7f6648ca1000 r-xp 00000000 08:01 1470411                    /usr/lib/jvm/jdk1.8.0_221/jre/lib/amd64/libnio.so
7f6648ca1000-7f6648ea0000 ---p 00011000 08:01 1470411                    /usr/lib/jvm/jdk1.8.0_221/jre/lib/amd64/libnio.so
7f6648ea0000-7f6648ea1000 r--p 00010000 08:01 1470411                    /usr/lib/jvm/jdk1.8.0_221/jre/lib/amd64/libnio.so
7f6648ea1000-7f6648ea2000 rw-p 00011000 08:01 1470411                    /usr/lib/jvm/jdk1.8.0_221/jre/lib/amd64/libnio.so
7f6648ea2000-7f6648eb8000 r-xp 00000000 08:01 1470350                    /usr/lib/jvm/jdk1.8.0_221/jre/lib/amd64/libnet.so
7f6648eb8000-7f66490b7000 ---p 00016000 08:01 1470350                    /usr/lib/jvm/jdk1.8.0_221/jre/lib/amd64/libnet.so
7f66490b7000-7f66490b8000 r--p 00015000 08:01 1470350                    /usr/lib/jvm/jdk1.8.0_221/jre/lib/amd64/libnet.so
7f66490b8000-7f66490b9000 rw-p 00016000 08:01 1470350                    /usr/lib/jvm/jdk1.8.0_221/jre/lib/amd64/libnet.so
7f66490b9000-7f66490be000 r--s 000a3000 08:01 677375                     /usr/lib/jvm/jdk1.8.0_221/jre/lib/jsse.jar
7f66490be000-7f66492be000 rw-p 00000000 00:00 0 
7f66492be000-7f66494be000 rw-p 00000000 00:00 0 
7f66494be000-7f66496be000 rw-p 00000000 00:00 0 
7f66496be000-7f66496c2000 r--s 00027000 08:01 803126                     /usr/share/java/maven-resolver-impl.jar
7f66496c2000-7f66496c3000 r--s 0000a000 08:01 803190                     /usr/share/java/maven3-settings.jar
7f66496c3000-7f66496c6000 r--s 0000a000 08:01 803122                     /usr/share/java/wagon-provider-api.jar
7f66496c6000-7f66496c8000 r--s 00006000 08:01 803127                     /usr/share/java/maven-resolver-spi.jar
7f66496c8000-7f66496d5000 r--s 0008b000 08:01 803182                     /usr/share/java/maven3-core.jar
7f66496d5000-7f66496d6000 r--s 00001000 08:01 803068                     /usr/share/java/geronimo-interceptor-3.0-spec.jar
7f66496d6000-7f66496d8000 r--s 0000d000 08:01 807984                     /usr/share/java/el-api.jar
7f66496d8000-7f66496d9000 r--s 00000000 08:01 803066                     /usr/share/java/atinject-jsr330-api-1.0.jar
7f66496d9000-7f66496dc000 r--s 0000e000 08:01 803070                     /usr/share/java/cdi-api.jar
7f66496dc000-7f6649709000 r--s 001df000 08:01 803220                     /usr/share/java/wagon-http-shaded-3.1.0.jar
7f6649709000-7f664970d000 r--s 0003b000 08:01 803120                     /usr/share/java/plexus-utils2.jar
7f664970d000-7f6649710000 r--s 0000a000 08:01 803179                     /usr/share/java/maven3-artifact.jar
7f6649710000-7f6649712000 r--s 00008000 08:01 803125                     /usr/share/java/maven-resolver-connector-basic.jar
7f6649712000-7f6649714000 r--s 0000a000 08:01 803186                     /usr/share/java/maven3-plugin-api.jar
7f6649714000-7f6649717000 r--s 00027000 08:01 803185                     /usr/share/java/maven3-model.jar
7f6649717000-7f664971e000 r--s 00054000 08:01 803175                     /usr/share/java/sisu-inject.jar
7f664971e000-7f6649721000 r--s 00007000 08:01 803189                     /usr/share/java/maven3-settings-builder.jar
7f6649721000-7f6649722000 r--s 00001000 08:01 803218                     /usr/share/java/wagon-file.jar
7f6649722000-7f6649723000 r--s 00006000 08:01 803187                     /usr/share/java/maven3-repository-metadata.jar
7f6649723000-7f6649733000 r--s 000c2000 08:01 803102                     /usr/share/java/guice.jar
7f6649733000-7f6649735000 r--s 00009000 08:01 803158                     /usr/share/java/slf4j-api.jar
7f6649735000-7f664973a000 r--s 00025000 08:01 803184                     /usr/share/java/maven3-model-builder.jar
7f664973a000-7f664973c000 r--s 0000a000 08:01 803072                     /usr/share/java/commons-cli.jar
7f664973c000-7f664973e000 r--s 0000d000 08:01 803188                     /usr/share/java/maven3-resolver-provider.jar
7f664973e000-7f6649740000 r--s 00003000 08:01 803155                     /usr/share/java/jcl-over-slf4j.jar
7f6649740000-7f6649742000 r--s 00001000 08:01 803180                     /usr/share/java/maven3-builder-support.jar
7f6649742000-7f6649743000 r--s 00002000 08:01 803078                     /usr/share/java/geronimo-annotation-1.3-spec.jar
7f6649743000-7f6649744000 r--s 00000000 08:01 803066                     /usr/share/java/atinject-jsr330-api-1.0.jar
7f6649744000-7f664974b000 r--s 00041000 08:01 803181                     /usr/share/java/maven3-compat.jar
7f664974b000-7f664974d000 r--s 00005000 08:01 803131                     /usr/share/java/maven-resolver-transport-wagon.jar
7f664974d000-7f664974f000 r--s 00000000 08:01 803148                     /usr/share/java/plexus-component-annotations.jar
7f664974f000-7f6649754000 r--s 00030000 08:01 803074                     /usr/share/java/commons-io.jar
7f6649754000-7f6649780000 r--s 00208000 08:01 803090                     /usr/share/java/guava.jar
7f6649780000-7f6649781000 ---p 00000000 00:00 0 
7f6649781000-7f6649881000 rw-p 00000000 00:00 0 
7f6649881000-7f6649884000 ---p 00000000 00:00 0 
7f6649884000-7f6649982000 rw-p 00000000 00:00 0 
7f6649982000-7f6649983000 ---p 00000000 00:00 0 
7f6649983000-7f6649986000 ---p 00000000 00:00 0 
7f6649986000-7f6649a83000 rw-p 00000000 00:00 0 
7f6649a83000-7f6649a84000 ---p 00000000 00:00 0 
7f6649a84000-7f6649a87000 ---p 00000000 00:00 0 
7f6649a87000-7f6649b84000 rw-p 00000000 00:00 0 
7f6649b84000-7f6649b85000 ---p 00000000 00:00 0 
7f6649b85000-7f6649b88000 ---p 00000000 00:00 0 
7f6649b88000-7f6649c85000 rw-p 00000000 00:00 0 
7f6649c85000-7f6649c88000 ---p 00000000 00:00 0 
7f6649c88000-7f6649d86000 rw-p 00000000 00:00 0 
7f6649d86000-7f664ab61000 r--p 00000000 08:01 530305                     /usr/lib/locale/locale-archive
7f664ab61000-7f664ab64000 ---p 00000000 00:00 0 
7f664ab64000-7f664ac62000 rw-p 00000000 00:00 0 
7f664ac62000-7f664ac65000 ---p 00000000 00:00 0 
7f664ac65000-7f664ad63000 rw-p 00000000 00:00 0 
7f664ad63000-7f664ad64000 ---p 00000000 00:00 0 
7f664ad64000-7f664be26000 rw-p 00000000 00:00 0 
7f664be26000-7f664c000000 r--s 03d88000 08:01 677258                     /usr/lib/jvm/jdk1.8.0_221/jre/lib/rt.jar
7f664c000000-7f664c021000 rw-p 00000000 00:00 0 
7f664c021000-7f6650000000 ---p 00000000 00:00 0 
7f6650000000-7f6654000000 rw-p 00000000 00:00 0 
7f6654000000-7f6654021000 rw-p 00000000 00:00 0 
7f6654021000-7f6658000000 ---p 00000000 00:00 0 
7f6658000000-7f6658006000 r--s 0002d000 08:01 803177                     /usr/share/java/sisu-plexus.jar
7f6658006000-7f665800b000 r--s 00021000 08:01 803132                     /usr/share/java/maven-resolver-util.jar
7f665800b000-7f6658cfd000 rw-p 00000000 00:00 0 
7f6658cfd000-7f6658cfe000 ---p 00000000 00:00 0 
7f6658cfe000-7f6658dfe000 rw-p 00000000 00:00 0 
7f6658dfe000-7f6658dff000 ---p 00000000 00:00 0 
7f6658dff000-7f6658eff000 rw-p 00000000 00:00 0 
7f6658eff000-7f6658f00000 ---p 00000000 00:00 0 
7f6658f00000-7f6659000000 rw-p 00000000 00:00 0 
7f6659000000-7f665a1a0000 rwxp 00000000 00:00 0 
7f665a1a0000-7f6668000000 ---p 00000000 00:00 0 
7f6668000000-7f6669b6f000 rw-p 00000000 00:00 0 
7f6669b6f000-7f666c000000 ---p 00000000 00:00 0 
7f666c000000-7f666c003000 r--s 00024000 08:01 803142                     /usr/share/java/maven-shared-utils.jar
7f666c003000-7f666c007000 r--s 0001f000 08:01 803124                     /usr/share/java/maven-resolver-api.jar
7f666c007000-7f666c008000 r--s 00003000 08:01 803144                     /usr/share/java/plexus-cipher.jar
7f666c008000-7f666c00a000 r--s 00007000 08:01 803118                     /usr/share/java/jansi.jar
7f666c00a000-7f666c00c000 r--s 00001000 08:01 803092                     /usr/share/java/aopalliance-1.0.jar
7f666c00c000-7f666c014000 r--s 00071000 08:01 803076                     /usr/share/java/commons-lang3.jar
7f666c014000-7f666c017000 r--s 00015000 08:01 803183                     /usr/share/java/maven3-embedder.jar
7f666c017000-7f666c019000 r--s 00006000 08:01 803153                     /usr/share/java/plexus-sec-dispatcher.jar
7f666c019000-7f666c08a000 rw-p 00000000 00:00 0 
7f666c08a000-7f666c08b000 ---p 00000000 00:00 0 
7f666c08b000-7f666c1c0000 rw-p 00000000 00:00 0 
7f666c1c0000-7f666c436000 ---p 00000000 00:00 0 
7f666c436000-7f666c46b000 rw-p 00000000 00:00 0 
7f666c46b000-7f666c6e0000 ---p 00000000 00:00 0 
7f666c6e0000-7f666c773000 rw-p 00000000 00:00 0 
7f666c773000-7f666c836000 ---p 00000000 00:00 0 
7f666c836000-7f666c87e000 rw-p 00000000 00:00 0 
7f666c87e000-7f666cbf7000 ---p 00000000 00:00 0 
7f666cbf7000-7f666cc12000 r-xp 00000000 08:01 1470373                    /usr/lib/jvm/jdk1.8.0_221/jre/lib/amd64/libzip.so
7f666cc12000-7f666ce11000 ---p 0001b000 08:01 1470373                    /usr/lib/jvm/jdk1.8.0_221/jre/lib/amd64/libzip.so
7f666ce11000-7f666ce12000 r--p 0001a000 08:01 1470373                    /usr/lib/jvm/jdk1.8.0_221/jre/lib/amd64/libzip.so
7f666ce12000-7f666ce13000 rw-p 0001b000 08:01 1470373                    /usr/lib/jvm/jdk1.8.0_221/jre/lib/amd64/libzip.so
7f666ce13000-7f666ce3f000 r-xp 00000000 08:01 1470364                    /usr/lib/jvm/jdk1.8.0_221/jre/lib/amd64/libjava.so
7f666ce3f000-7f666d03f000 ---p 0002c000 08:01 1470364                    /usr/lib/jvm/jdk1.8.0_221/jre/lib/amd64/libjava.so
7f666d03f000-7f666d040000 r--p 0002c000 08:01 1470364                    /usr/lib/jvm/jdk1.8.0_221/jre/lib/amd64/libjava.so
7f666d040000-7f666d042000 rw-p 0002d000 08:01 1470364                    /usr/lib/jvm/jdk1.8.0_221/jre/lib/amd64/libjava.so
7f666d042000-7f666d04f000 r-xp 00000000 08:01 1470355                    /usr/lib/jvm/jdk1.8.0_221/jre/lib/amd64/libverify.so
7f666d04f000-7f666d24e000 ---p 0000d000 08:01 1470355                    /usr/lib/jvm/jdk1.8.0_221/jre/lib/amd64/libverify.so
7f666d24e000-7f666d250000 r--p 0000c000 08:01 1470355                    /usr/lib/jvm/jdk1.8.0_221/jre/lib/amd64/libverify.so
7f666d250000-7f666d251000 rw-p 0000e000 08:01 1470355                    /usr/lib/jvm/jdk1.8.0_221/jre/lib/amd64/libverify.so
7f666d251000-7f666d253000 r--p 00000000 08:01 1837542                    /lib/x86_64-linux-gnu/librt-2.28.so
7f666d253000-7f666d257000 r-xp 00002000 08:01 1837542                    /lib/x86_64-linux-gnu/librt-2.28.so
7f666d257000-7f666d259000 r--p 00006000 08:01 1837542                    /lib/x86_64-linux-gnu/librt-2.28.so
7f666d259000-7f666d25a000 r--p 00007000 08:01 1837542                    /lib/x86_64-linux-gnu/librt-2.28.so
7f666d25a000-7f666d25b000 rw-p 00008000 08:01 1837542                    /lib/x86_64-linux-gnu/librt-2.28.so
7f666d25b000-7f666d25c000 ---p 00000000 00:00 0 
7f666d25c000-7f666d25f000 ---p 00000000 00:00 0 
7f666d25f000-7f666d35c000 rw-p 00000000 00:00 0 
7f666d35c000-7f666d369000 r--p 00000000 08:01 1837465                    /lib/x86_64-linux-gnu/libm-2.28.so
7f666d369000-7f666d414000 r-xp 0000d000 08:01 1837465                    /lib/x86_64-linux-gnu/libm-2.28.so
7f666d414000-7f666d4e7000 r--p 000b8000 08:01 1837465                    /lib/x86_64-linux-gnu/libm-2.28.so
7f666d4e7000-7f666d4e8000 r--p 0018a000 08:01 1837465                    /lib/x86_64-linux-gnu/libm-2.28.so
7f666d4e8000-7f666d4e9000 rw-p 0018b000 08:01 1837465                    /lib/x86_64-linux-gnu/libm-2.28.so
7f666d4e9000-7f666e1d1000 r-xp 00000000 08:01 1470371                    /usr/lib/jvm/jdk1.8.0_221/jre/lib/amd64/server/libjvm.so
7f666e1d1000-7f666e3d0000 ---p 00ce8000 08:01 1470371                    /usr/lib/jvm/jdk1.8.0_221/jre/lib/amd64/server/libjvm.so
7f666e3d0000-7f666e466000 r--p 00ce7000 08:01 1470371                    /usr/lib/jvm/jdk1.8.0_221/jre/lib/amd64/server/libjvm.so
7f666e466000-7f666e497000 rw-p 00d7d000 08:01 1470371                    /usr/lib/jvm/jdk1.8.0_221/jre/lib/amd64/server/libjvm.so
7f666e497000-7f666e4d4000 rw-p 00000000 00:00 0 
7f666e4d4000-7f666e4f6000 r--p 00000000 08:01 1837404                    /lib/x86_64-linux-gnu/libc-2.28.so
7f666e4f6000-7f666e667000 r-xp 00022000 08:01 1837404                    /lib/x86_64-linux-gnu/libc-2.28.so
7f666e667000-7f666e6b3000 r--p 00193000 08:01 1837404                    /lib/x86_64-linux-gnu/libc-2.28.so
7f666e6b3000-7f666e6b4000 ---p 001df000 08:01 1837404                    /lib/x86_64-linux-gnu/libc-2.28.so
7f666e6b4000-7f666e6b8000 r--p 001df000 08:01 1837404                    /lib/x86_64-linux-gnu/libc-2.28.so
7f666e6b8000-7f666e6ba000 rw-p 001e3000 08:01 1837404                    /lib/x86_64-linux-gnu/libc-2.28.so
7f666e6ba000-7f666e6be000 rw-p 00000000 00:00 0 
7f666e6be000-7f666e6bf000 r--p 00000000 08:01 1837425                    /lib/x86_64-linux-gnu/libdl-2.28.so
7f666e6bf000-7f666e6c1000 r-xp 00001000 08:01 1837425                    /lib/x86_64-linux-gnu/libdl-2.28.so
7f666e6c1000-7f666e6c2000 r--p 00003000 08:01 1837425                    /lib/x86_64-linux-gnu/libdl-2.28.so
7f666e6c2000-7f666e6c3000 r--p 00003000 08:01 1837425                    /lib/x86_64-linux-gnu/libdl-2.28.so
7f666e6c3000-7f666e6c4000 rw-p 00004000 08:01 1837425                    /lib/x86_64-linux-gnu/libdl-2.28.so
7f666e6c4000-7f666e6db000 r-xp 00000000 08:01 677180                     /usr/lib/jvm/jdk1.8.0_221/lib/amd64/jli/libjli.so
7f666e6db000-7f666e8da000 ---p 00017000 08:01 677180                     /usr/lib/jvm/jdk1.8.0_221/lib/amd64/jli/libjli.so
7f666e8da000-7f666e8db000 r--p 00016000 08:01 677180                     /usr/lib/jvm/jdk1.8.0_221/lib/amd64/jli/libjli.so
7f666e8db000-7f666e8dc000 rw-p 00017000 08:01 677180                     /usr/lib/jvm/jdk1.8.0_221/lib/amd64/jli/libjli.so
7f666e8dc000-7f666e8e2000 r--p 00000000 08:01 1837534                    /lib/x86_64-linux-gnu/libpthread-2.28.so
7f666e8e2000-7f666e8f1000 r-xp 00006000 08:01 1837534                    /lib/x86_64-linux-gnu/libpthread-2.28.so
7f666e8f1000-7f666e8f7000 r--p 00015000 08:01 1837534                    /lib/x86_64-linux-gnu/libpthread-2.28.so
7f666e8f7000-7f666e8f8000 r--p 0001a000 08:01 1837534                    /lib/x86_64-linux-gnu/libpthread-2.28.so
7f666e8f8000-7f666e8f9000 rw-p 0001b000 08:01 1837534                    /lib/x86_64-linux-gnu/libpthread-2.28.so
7f666e8f9000-7f666e8ff000 rw-p 00000000 00:00 0 
7f666e8ff000-7f666e902000 r--s 00012000 08:01 803151                     /usr/share/java/plexus-interpolation.jar
7f666e902000-7f666e903000 r--s 00004000 08:01 803191                     /usr/share/java/maven3-slf4j-provider.jar
7f666e903000-7f666e905000 r--s 0000b000 08:01 803146                     /usr/share/java/plexus-classworlds.jar
7f666e905000-7f666e90d000 rw-s 00000000 08:01 1715020                    /tmp/hsperfdata_simon/26895
7f666e90d000-7f666e910000 r--p 00000000 08:01 1837492                    /lib/x86_64-linux-gnu/libnss_files-2.28.so
7f666e910000-7f666e917000 r-xp 00003000 08:01 1837492                    /lib/x86_64-linux-gnu/libnss_files-2.28.so
7f666e917000-7f666e91a000 r--p 0000a000 08:01 1837492                    /lib/x86_64-linux-gnu/libnss_files-2.28.so
7f666e91a000-7f666e91b000 r--p 0000c000 08:01 1837492                    /lib/x86_64-linux-gnu/libnss_files-2.28.so
7f666e91b000-7f666e91c000 rw-p 0000d000 08:01 1837492                    /lib/x86_64-linux-gnu/libnss_files-2.28.so
7f666e91c000-7f666e923000 rw-p 00000000 00:00 0 
7f666e923000-7f666e924000 ---p 00000000 00:00 0 
7f666e924000-7f666e925000 r--p 00000000 08:01 1837378                    /lib/x86_64-linux-gnu/ld-2.28.so
7f666e925000-7f666e945000 r-xp 00001000 08:01 1837378                    /lib/x86_64-linux-gnu/ld-2.28.so
7f666e945000-7f666e94d000 r--p 00021000 08:01 1837378                    /lib/x86_64-linux-gnu/ld-2.28.so
7f666e94d000-7f666e94e000 r--p 00028000 08:01 1837378                    /lib/x86_64-linux-gnu/ld-2.28.so
7f666e94e000-7f666e94f000 rw-p 00029000 08:01 1837378                    /lib/x86_64-linux-gnu/ld-2.28.so
7f666e94f000-7f666e950000 rw-p 00000000 00:00 0 
7ffda94a7000-7ffda94c9000 rw-p 00000000 00:00 0                          [stack]
7ffda95d8000-7ffda95db000 r--p 00000000 00:00 0                          [vvar]
7ffda95db000-7ffda95dd000 r-xp 00000000 00:00 0                          [vdso]
ffffffffff600000-ffffffffff601000 r-xp 00000000 00:00 0                  [vsyscall]

VM Arguments:
jvm_args: -Xmx2048m -Dclassworlds.conf=/usr/share/maven/bin/m2.conf -Dmaven.home=/usr/share/maven -Dlibrary.jansi.path=/usr/share/maven/lib/jansi-native -Dmaven.multiModuleProjectDirectory=/media/shared/jct-devops/components/repocollection/mainline/thirdparty 
java_command: org.codehaus.plexus.classworlds.launcher.Launcher dependency:sources dependency:resolve -Dclassifier=javadoc -pl projects/org.jcryptool.thirdparty.m2bundle.jaxb,projects/org.jcryptool.thirdparty.m2bundle.swtrelated,projects/org.jcryptool.thirdparty.m2bundle.swtrelated.source -am clean package install
java_class_path (initial): /usr/share/maven/boot/plexus-classworlds-2.x.jar
Launcher Type: SUN_STANDARD

Environment Variables:
JAVA_HOME=/usr/lib/jvm/jdk1.8.0_221
USERNAME=simon
SHELL=/bin/bash
DISPLAY=:0

Signal Handlers:
SIGSEGV: [libjvm.so+0xad3d90], sa_mask[0]=11111111011111111101111111111110, sa_flags=SA_RESTART|SA_SIGINFO
SIGBUS: [libjvm.so+0xad3d90], sa_mask[0]=11111111011111111101111111111110, sa_flags=SA_RESTART|SA_SIGINFO
SIGFPE: [libjvm.so+0x90b8b0], sa_mask[0]=11111111011111111101111111111110, sa_flags=SA_RESTART|SA_SIGINFO
SIGPIPE: [libjvm.so+0x90b8b0], sa_mask[0]=11111111011111111101111111111110, sa_flags=SA_RESTART|SA_SIGINFO
SIGXFSZ: [libjvm.so+0x90b8b0], sa_mask[0]=11111111011111111101111111111110, sa_flags=SA_RESTART|SA_SIGINFO
SIGILL: [libjvm.so+0x90b8b0], sa_mask[0]=11111111011111111101111111111110, sa_flags=SA_RESTART|SA_SIGINFO
SIGUSR1: SIG_DFL, sa_mask[0]=00000000000000000000000000000000, sa_flags=none
SIGUSR2: [libjvm.so+0x90b780], sa_mask[0]=00000000000000000000000000000000, sa_flags=SA_RESTART|SA_SIGINFO
SIGHUP: [libjvm.so+0x90bda0], sa_mask[0]=11111111011111111101111111111110, sa_flags=SA_RESTART|SA_SIGINFO
SIGINT: [libjvm.so+0x90bda0], sa_mask[0]=11111111011111111101111111111110, sa_flags=SA_RESTART|SA_SIGINFO
SIGTERM: [libjvm.so+0x90bda0], sa_mask[0]=11111111011111111101111111111110, sa_flags=SA_RESTART|SA_SIGINFO
SIGQUIT: [libjvm.so+0x90bda0], sa_mask[0]=11111111011111111101111111111110, sa_flags=SA_RESTART|SA_SIGINFO


---------------  S Y S T E M  ---------------

OS:DISTRIB_ID=Ubuntu
DISTRIB_RELEASE=18.10
DISTRIB_CODENAME=cosmic
DISTRIB_DESCRIPTION="Ubuntu 18.10"

uname:Linux 4.18.0-25-generic #26-Ubuntu SMP Mon Jun 24 09:32:08 UTC 2019 x86_64
libc:glibc 2.28 NPTL 2.28 
rlimit: STACK 8192k, CORE 0k, NPROC 31087, NOFILE 4096, AS infinity
load average:24,95 6,70 2,96

/proc/meminfo:
MemTotal:        8071520 kB
MemFree:          104208 kB
MemAvailable:      12108 kB
Buffers:             336 kB
Cached:           812908 kB
SwapCached:         7060 kB
Active:          6234752 kB
Inactive:        1302660 kB
Active(anon):    6228552 kB
Inactive(anon):  1296416 kB
Active(file):       6200 kB
Inactive(file):     6244 kB
Unevictable:         208 kB
Mlocked:             208 kB
SwapTotal:       1522988 kB
SwapFree:              0 kB
Dirty:                 8 kB
Writeback:             0 kB
AnonPages:       6718324 kB
Mapped:           621328 kB
Shmem:            800380 kB
Slab:             240268 kB
SReclaimable:      79028 kB
SUnreclaim:       161240 kB
KernelStack:       25712 kB
PageTables:        84548 kB
NFS_Unstable:          0 kB
Bounce:                0 kB
WritebackTmp:          0 kB
CommitLimit:     5558748 kB
Committed_AS:   23065612 kB
VmallocTotal:   34359738367 kB
VmallocUsed:           0 kB
VmallocChunk:          0 kB
HardwareCorrupted:     0 kB
AnonHugePages:         0 kB
ShmemHugePages:        0 kB
ShmemPmdMapped:        0 kB
CmaTotal:              0 kB
CmaFree:               0 kB
HugePages_Total:       0
HugePages_Free:        0
HugePages_Rsvd:        0
HugePages_Surp:        0
Hugepagesize:       2048 kB
Hugetlb:               0 kB
DirectMap4k:      927200 kB
DirectMap2M:     7364608 kB
DirectMap1G:     1048576 kB

container (cgroup) information:
container_type: cgroupv1
cpu_cpuset_cpus: 0-3
cpu_memory_nodes: 0
active_processor_count: 4
cpu_quota: -1
cpu_period: 100000
cpu_shares: -1
memory_limit_in_bytes: -1
memory_and_swap_limit_in_bytes: -2
memory_soft_limit_in_bytes: -1
memory_usage_in_bytes: 3672784896
memory_max_usage_in_bytes: 5546229760


CPU:total 4 (initial active 4) (2 cores per cpu, 2 threads per core) family 6 model 69 stepping 1, cmov, cx8, fxsr, mmx, sse, sse2, sse3, ssse3, sse4.1, sse4.2, popcnt, avx, avx2, aes, clmul, erms, lzcnt, ht, tsc, tscinvbit, bmi1, bmi2

/proc/cpuinfo:
processor	: 0
vendor_id	: GenuineIntel
cpu family	: 6
model		: 69
model name	: Intel(R) Core(TM) i5-4300U CPU @ 1.90GHz
stepping	: 1
microcode	: 0x25
cpu MHz		: 2594.036
cache size	: 3072 KB
physical id	: 0
siblings	: 4
core id		: 0
cpu cores	: 2
apicid		: 0
initial apicid	: 0
fpu		: yes
fpu_exception	: yes
cpuid level	: 13
wp		: yes
flags		: fpu vme de pse tsc msr pae mce cx8 apic sep mtrr pge mca cmov pat pse36 clflush dts acpi mmx fxsr sse sse2 ss ht tm pbe syscall nx pdpe1gb rdtscp lm constant_tsc arch_perfmon pebs bts rep_good nopl xtopology nonstop_tsc cpuid aperfmperf pni pclmulqdq dtes64 monitor ds_cpl vmx smx est tm2 ssse3 sdbg fma cx16 xtpr pdcm pcid sse4_1 sse4_2 x2apic movbe popcnt tsc_deadline_timer aes xsave avx f16c rdrand lahf_lm abm cpuid_fault epb invpcid_single pti ssbd ibrs ibpb stibp tpr_shadow vnmi flexpriority ept vpid fsgsbase tsc_adjust bmi1 avx2 smep bmi2 erms invpcid xsaveopt dtherm ida arat pln pts md_clear flush_l1d
bugs		: cpu_meltdown spectre_v1 spectre_v2 spec_store_bypass l1tf mds
bogomips	: 4988.53
clflush size	: 64
cache_alignment	: 64
address sizes	: 39 bits physical, 48 bits virtual
power management:

processor	: 1
vendor_id	: GenuineIntel
cpu family	: 6
model		: 69
model name	: Intel(R) Core(TM) i5-4300U CPU @ 1.90GHz
stepping	: 1
microcode	: 0x25
cpu MHz		: 2594.037
cache size	: 3072 KB
physical id	: 0
siblings	: 4
core id		: 1
cpu cores	: 2
apicid		: 2
initial apicid	: 2
fpu		: yes
fpu_exception	: yes
cpuid level	: 13
wp		: yes
flags		: fpu vme de pse tsc msr pae mce cx8 apic sep mtrr pge mca cmov pat pse36 clflush dts acpi mmx fxsr sse sse2 ss ht tm pbe syscall nx pdpe1gb rdtscp lm constant_tsc arch_perfmon pebs bts rep_good nopl xtopology nonstop_tsc cpuid aperfmperf pni pclmulqdq dtes64 monitor ds_cpl vmx smx est tm2 ssse3 sdbg fma cx16 xtpr pdcm pcid sse4_1 sse4_2 x2apic movbe popcnt tsc_deadline_timer aes xsave avx f16c rdrand lahf_lm abm cpuid_fault epb invpcid_single pti ssbd ibrs ibpb stibp tpr_shadow vnmi flexpriority ept vpid fsgsbase tsc_adjust bmi1 avx2 smep bmi2 erms invpcid xsaveopt dtherm ida arat pln pts md_clear flush_l1d
bugs		: cpu_meltdown spectre_v1 spectre_v2 spec_store_bypass l1tf mds
bogomips	: 4988.53
clflush size	: 64
cache_alignment	: 64
address sizes	: 39 bits physical, 48 bits virtual
power management:

processor	: 2
vendor_id	: GenuineIntel
cpu family	: 6
model		: 69
model name	: Intel(R) Core(TM) i5-4300U CPU @ 1.90GHz
stepping	: 1
microcode	: 0x25
cpu MHz		: 2594.038
cache size	: 3072 KB
physical id	: 0
siblings	: 4
core id		: 0
cpu cores	: 2
apicid		: 1
initial apicid	: 1
fpu		: yes
fpu_exception	: yes
cpuid level	: 13
wp		: yes
flags		: fpu vme de pse tsc msr pae mce cx8 apic sep mtrr pge mca cmov pat pse36 clflush dts acpi mmx fxsr sse sse2 ss ht tm pbe syscall nx pdpe1gb rdtscp lm constant_tsc arch_perfmon pebs bts rep_good nopl xtopology nonstop_tsc cpuid aperfmperf pni pclmulqdq dtes64 monitor ds_cpl vmx smx est tm2 ssse3 sdbg fma cx16 xtpr pdcm pcid sse4_1 sse4_2 x2apic movbe popcnt tsc_deadline_timer aes xsave avx f16c rdrand lahf_lm abm cpuid_fault epb invpcid_single pti ssbd ibrs ibpb stibp tpr_shadow vnmi flexpriority ept vpid fsgsbase tsc_adjust bmi1 avx2 smep bmi2 erms invpcid xsaveopt dtherm ida arat pln pts md_clear flush_l1d
bugs		: cpu_meltdown spectre_v1 spectre_v2 spec_store_bypass l1tf mds
bogomips	: 4988.53
clflush size	: 64
cache_alignment	: 64
address sizes	: 39 bits physical, 48 bits virtual
power management:

processor	: 3
vendor_id	: GenuineIntel
cpu family	: 6
model		: 69
model name	: Intel(R) Core(TM) i5-4300U CPU @ 1.90GHz
stepping	: 1
microcode	: 0x25
cpu MHz		: 2594.036
cache size	: 3072 KB
physical id	: 0
siblings	: 4
core id		: 1
cpu cores	: 2
apicid		: 3
initial apicid	: 3
fpu		: yes
fpu_exception	: yes
cpuid level	: 13
wp		: yes
flags		: fpu vme de pse tsc msr pae mce cx8 apic sep mtrr pge mca cmov pat pse36 clflush dts acpi mmx fxsr sse sse2 ss ht tm pbe syscall nx pdpe1gb rdtscp lm constant_tsc arch_perfmon pebs bts rep_good nopl xtopology nonstop_tsc cpuid aperfmperf pni pclmulqdq dtes64 monitor ds_cpl vmx smx est tm2 ssse3 sdbg fma cx16 xtpr pdcm pcid sse4_1 sse4_2 x2apic movbe popcnt tsc_deadline_timer aes xsave avx f16c rdrand lahf_lm abm cpuid_fault epb invpcid_single pti ssbd ibrs ibpb stibp tpr_shadow vnmi flexpriority ept vpid fsgsbase tsc_adjust bmi1 avx2 smep bmi2 erms invpcid xsaveopt dtherm ida arat pln pts md_clear flush_l1d
bugs		: cpu_meltdown spectre_v1 spectre_v2 spec_store_bypass l1tf mds
bogomips	: 4988.53
clflush size	: 64
cache_alignment	: 64
address sizes	: 39 bits physical, 48 bits virtual
power management:



Memory: 4k page, physical 8071520k(105128k free), swap 1522988k(0k free)

vm_info: Java HotSpot(TM) 64-Bit Server VM (25.221-b11) for linux-amd64 JRE (1.8.0_221-b11), built on Jul  4 2019 04:27:00 by "java_re" with gcc 7.3.0

time: Tue May 26 17:36:19 2020
timezone: CEST
elapsed time: 39 seconds (0d 0h 0m 39s)

